2025-05-19 15:17:58 [error]: Error sending verification email: Error: 54400000:error:0A00010B:SSL routines:ssl3_get_record:wrong version number:c:\ws\deps\openssl\openssl\ssl\record\ssl3_record.c:355:

2025-05-19 15:17:58 [error]: Error: Failed to send verification email
    at C:\Projects\syf\server-prisma\src\services\email.service.ts:36:11
    at step (C:\Projects\syf\server-prisma\src\services\email.service.ts:34:23)
    at Object.throw (C:\Projects\syf\server-prisma\src\services\email.service.ts:15:53)
    at rejected (C:\Projects\syf\server-prisma\src\services\email.service.ts:7:65)
    at processTicksAndRejections (node:internal/process/task_queues:105:5)
2025-05-19 15:39:40 [info]: Verification email sent to rakesh@ggsh.in
2025-05-19 15:39:40 [info]: User registration for: rakesh@ggsh.in
2025-05-19 16:21:04 [info]: Verification email sent to rakesh@ggsh.in
2025-05-19 16:21:04 [info]: User registration for: rakesh@ggsh.in
2025-05-19 16:38:17 [info]: Verification email sent to rakesh1@ggsh.in
2025-05-19 16:38:17 [info]: User registration for: rakesh1@ggsh.in
2025-05-19 16:42:57 [info]: Verification email sent to rakesh@ggsh.in
2025-05-19 16:42:57 [info]: User registration for: rakesh@ggsh.in
2025-05-19 16:43:48 [info]: Verification email sent to rakesh@ggsh.in
2025-05-19 16:43:48 [info]: User registration for: rakesh@ggsh.in
2025-05-19 16:52:38 [info]: Verification email sent to rakesh@ggsh.in
2025-05-19 16:52:38 [info]: User registration for: rakesh@ggsh.in
2025-05-19 16:54:08 [info]: Verification email sent to rakesh@ggsh.in
2025-05-19 16:54:08 [info]: User registration for: rakesh@ggsh.in
2025-05-19 16:56:19 [info]: Verification email sent to rakesh@ggsh.in
2025-05-19 16:56:19 [info]: User registration for: rakesh@ggsh.in
2025-05-19 16:58:58 [info]: Verification email sent to rakesh@ggsh.in
2025-05-19 16:58:58 [info]: User registration for: rakesh@ggsh.in
