2025-05-16 15:09:06 [error]: TypeError: Cannot read properties of undefined (reading 'hashPassword')
    at C:\Projects\syf\server-prisma\src\controllers\auth.controller.ts:83:53
    at step (C:\Projects\syf\server-prisma\src\controllers\auth.controller.ts:33:23)
    at Object.next (C:\Projects\syf\server-prisma\src\controllers\auth.controller.ts:14:53)
    at fulfilled (C:\Projects\syf\server-prisma\src\controllers\auth.controller.ts:5:58)
2025-05-16 16:47:32 [error]: Error sending verification email: Error: getaddrinfo EAI_AGAIN your-smtp-server.com
2025-05-16 16:47:32 [error]: Error: Failed to send verification email
    at C:\Projects\syf\server-prisma\src\services\email.service.ts:36:11
    at step (C:\Projects\syf\server-prisma\src\services\email.service.ts:34:23)
    at Object.throw (C:\Projects\syf\server-prisma\src\services\email.service.ts:15:53)
    at rejected (C:\Projects\syf\server-prisma\src\services\email.service.ts:7:65)
2025-05-16 16:47:50 [error]: Error sending verification email: Error: getaddrinfo EAI_AGAIN your-smtp-server.com
2025-05-16 16:47:50 [error]: Error: Failed to send verification email
    at C:\Projects\syf\server-prisma\src\services\email.service.ts:36:11
    at step (C:\Projects\syf\server-prisma\src\services\email.service.ts:34:23)
    at Object.throw (C:\Projects\syf\server-prisma\src\services\email.service.ts:15:53)
    at rejected (C:\Projects\syf\server-prisma\src\services\email.service.ts:7:65)
2025-05-16 17:20:35 [error]: Error sending verification email: Error: Invalid login: 535-5.7.8 Username and Password not accepted. For more information, go to
535 5.7.8  https://support.google.com/mail/?p=BadCredentials d2e1a72fcca58-742a970c86asm1397024b3a.57 - gsmtp
2025-05-16 17:20:35 [error]: Error: Failed to send verification email
    at C:\Projects\syf\server-prisma\src\services\email.service.ts:36:11
    at step (C:\Projects\syf\server-prisma\src\services\email.service.ts:34:23)
    at Object.throw (C:\Projects\syf\server-prisma\src\services\email.service.ts:15:53)
    at rejected (C:\Projects\syf\server-prisma\src\services\email.service.ts:7:65)
    at processTicksAndRejections (node:internal/process/task_queues:105:5)
2025-05-16 17:21:02 [error]: Error sending verification email: Error: Invalid login: 535-5.7.8 Username and Password not accepted. For more information, go to
535 5.7.8  https://support.google.com/mail/?p=BadCredentials d9443c01a7336-231ecd5ea41sm4160875ad.228 - gsmtp
2025-05-16 17:21:02 [error]: Error: Failed to send verification email
    at C:\Projects\syf\server-prisma\src\services\email.service.ts:36:11
    at step (C:\Projects\syf\server-prisma\src\services\email.service.ts:34:23)
    at Object.throw (C:\Projects\syf\server-prisma\src\services\email.service.ts:15:53)
    at rejected (C:\Projects\syf\server-prisma\src\services\email.service.ts:7:65)
    at processTicksAndRejections (node:internal/process/task_queues:105:5)
2025-05-16 17:31:52 [error]: Error sending verification email: Error: Invalid login: 534-5.7.9 Application-specific password required. For more information, go to
534 5.7.9  https://support.google.com/mail/?p=InvalidSecondFactor d2e1a72fcca58-742a98770e3sm1390668b3a.142 - gsmtp
2025-05-16 17:31:52 [error]: Error: Failed to send verification email
    at C:\Projects\syf\server-prisma\src\services\email.service.ts:36:11
    at step (C:\Projects\syf\server-prisma\src\services\email.service.ts:34:23)
    at Object.throw (C:\Projects\syf\server-prisma\src\services\email.service.ts:15:53)
    at rejected (C:\Projects\syf\server-prisma\src\services\email.service.ts:7:65)
    at processTicksAndRejections (node:internal/process/task_queues:105:5)
2025-05-16 17:33:39 [error]: Error sending verification email: Error: Invalid login: 535-5.7.8 Username and Password not accepted. For more information, go to
535 5.7.8  https://support.google.com/mail/?p=BadCredentials d2e1a72fcca58-742a9876d51sm1394316b3a.141 - gsmtp
2025-05-16 17:33:39 [error]: Error: Failed to send verification email
    at C:\Projects\syf\server-prisma\src\services\email.service.ts:36:11
    at step (C:\Projects\syf\server-prisma\src\services\email.service.ts:34:23)
    at Object.throw (C:\Projects\syf\server-prisma\src\services\email.service.ts:15:53)
    at rejected (C:\Projects\syf\server-prisma\src\services\email.service.ts:7:65)
    at processTicksAndRejections (node:internal/process/task_queues:105:5)
2025-05-16 17:50:09 [info]: Verification email sent to rakesh2@ggsh.in
2025-05-16 17:50:09 [info]: User registration for: rakesh2@ggsh.in
2025-05-16 17:50:33 [info]: Verification email sent to rakesh@ggsh.in
2025-05-16 17:50:33 [info]: User registration for: rakesh@ggsh.in
